<?xml version="1.0" encoding="UTF-8"?>
<!-- Generated by org.testng.reporters.JUnitXMLReporter -->
<testsuite hostname="Adarshas-MacBook-Pro.local" name="FirefoxTest" tests="2" failures="2" timestamp="16 Jun 2015 04:43:09 GMT" time="85.861" errors="0">
  <testcase name="firstTask" time="0.0" classname="net.project.testClasses.HackerrankTestCases.BasicTestCase">
    <failure type="org.openqa.selenium.InvalidElementStateException" message="Cannot perform native interaction: Could not load native events component.
Command duration or timeout: 75 milliseconds
Build info: version: &amp;apos;2.46.0&amp;apos;, revision: &amp;apos;61506a4624b13675f24581e453592342b7485d71&amp;apos;, time: &amp;apos;2015-06-04 10:22:50&amp;apos;
System info: host: &amp;apos;Adarshas-MacBook-Pro.local&amp;apos;, ip: &amp;apos;192.168.1.40&amp;apos;, os.name: &amp;apos;Mac OS X&amp;apos;, os.arch: &amp;apos;x86_64&amp;apos;, os.version: &amp;apos;10.10.3&amp;apos;, java.version: &amp;apos;1.8.0_45&amp;apos;
Driver info: org.openqa.selenium.firefox.FirefoxDriver
Capabilities [{applicationCacheEnabled=true, rotatable=false, handlesAlerts=true, databaseEnabled=true, version=38.0.5, platform=MAC, browserConnectionEnabled=true, nativeEvents=false, acceptSslCerts=true, webStorageEnabled=true, locationContextEnabled=true, browserName=firefox, takesScreenshot=true, javascriptEnabled=true, cssSelectorsEnabled=true}]
Session ID: f8c6549c-54d0-8b45-9965-95e393d08cb7">
      <![CDATA[org.openqa.selenium.InvalidElementStateException: Cannot perform native interaction: Could not load native events component.
Command duration or timeout: 75 milliseconds
Build info: version: '2.46.0', revision: '61506a4624b13675f24581e453592342b7485d71', time: '2015-06-04 10:22:50'
System info: host: 'Adarshas-MacBook-Pro.local', ip: '192.168.1.40', os.name: 'Mac OS X', os.arch: 'x86_64', os.version: '10.10.3', java.version: '1.8.0_45'
Driver info: org.openqa.selenium.firefox.FirefoxDriver
Capabilities [{applicationCacheEnabled=true, rotatable=false, handlesAlerts=true, databaseEnabled=true, version=38.0.5, platform=MAC, browserConnectionEnabled=true, nativeEvents=false, acceptSslCerts=true, webStorageEnabled=true, locationContextEnabled=true, browserName=firefox, takesScreenshot=true, javascriptEnabled=true, cssSelectorsEnabled=true}]
Session ID: f8c6549c-54d0-8b45-9965-95e393d08cb7
	at org.openqa.selenium.remote.ErrorHandler.createThrowable(ErrorHandler.java:204)
	at org.openqa.selenium.remote.ErrorHandler.throwIfResponseFailed(ErrorHandler.java:156)
	at org.openqa.selenium.remote.RemoteWebDriver.execute(RemoteWebDriver.java:605)
	at org.openqa.selenium.remote.RemoteExecuteMethod.execute(RemoteExecuteMethod.java:35)
	at org.openqa.selenium.remote.RemoteMouse.mouseMove(RemoteMouse.java:89)
	at org.openqa.selenium.support.events.internal.EventFiringMouse.mouseMove(EventFiringMouse.java:58)
	at org.openqa.selenium.interactions.MoveMouseAction.perform(MoveMouseAction.java:39)
	at org.openqa.selenium.interactions.CompositeAction.perform(CompositeAction.java:50)
	at org.openqa.selenium.interactions.Actions.perform(Actions.java:371)
	at net.project.testClasses.HackerrankTestCases.BasicTestCase.firstTask(BasicTestCase.java:49)
	at java.util.concurrent.FutureTask.run(FutureTask.java:266)
	at java.util.concurrent.ThreadPoolExecutor.runWorker(ThreadPoolExecutor.java:1142)
	at java.util.concurrent.ThreadPoolExecutor$Worker.run(ThreadPoolExecutor.java:617)
	at java.lang.Thread.run(Thread.java:745)
Caused by: org.openqa.selenium.InvalidElementStateException: Cannot perform native interaction: Could not load native events component.
Build info: version: '2.46.0', revision: '61506a4624b13675f24581e453592342b7485d71', time: '2015-06-04 10:22:50'
System info: host: 'Adarshas-MacBook-Pro.local', ip: '192.168.1.40', os.name: 'Mac OS X', os.arch: 'x86_64', os.version: '10.10.3', java.version: '1.8.0_45'
Driver info: driver.version: unknown
	at <anonymous class>.generateErrorForNativeEvents(file:///var/folders/27/wsmvbfq16db0yymbjm1m45mm0000gn/T/anonymous589890194133857528webdriver-profile/extensions/fxdriver@googlecode.com/components/driver-component.js:10600)
	at <anonymous class>.FirefoxDriver.prototype.mouseMoveTo(file:///var/folders/27/wsmvbfq16db0yymbjm1m45mm0000gn/T/anonymous589890194133857528webdriver-profile/extensions/fxdriver@googlecode.com/components/driver-component.js:10644)
	at <anonymous class>.DelayedCommand.prototype.executeInternal_/h(file:///var/folders/27/wsmvbfq16db0yymbjm1m45mm0000gn/T/anonymous589890194133857528webdriver-profile/extensions/fxdriver@googlecode.com/components/command-processor.js:12282)
	at <anonymous class>.DelayedCommand.prototype.executeInternal_(file:///var/folders/27/wsmvbfq16db0yymbjm1m45mm0000gn/T/anonymous589890194133857528webdriver-profile/extensions/fxdriver@googlecode.com/components/command-processor.js:12287)
	at <anonymous class>.DelayedCommand.prototype.execute/<(file:///var/folders/27/wsmvbfq16db0yymbjm1m45mm0000gn/T/anonymous589890194133857528webdriver-profile/extensions/fxdriver@googlecode.com/components/command-processor.js:12229)
... Removed 20 stack frames]]>
    </failure>
  </testcase> <!-- firstTask -->
  <testcase name="secondTask" time="0.0" classname="net.project.testClasses.HackerrankTestCases.BasicTestCase">
    <failure type="org.openqa.selenium.TimeoutException" message="Timed out after 20 seconds waiting for net.project.webDriverUtils.WebDriverUtilFunctions$17@61ee08a7
Build info: version: &amp;apos;2.46.0&amp;apos;, revision: &amp;apos;61506a4624b13675f24581e453592342b7485d71&amp;apos;, time: &amp;apos;2015-06-04 10:22:50&amp;apos;
System info: host: &amp;apos;Adarshas-MacBook-Pro.local&amp;apos;, ip: &amp;apos;192.168.1.40&amp;apos;, os.name: &amp;apos;Mac OS X&amp;apos;, os.arch: &amp;apos;x86_64&amp;apos;, os.version: &amp;apos;10.10.3&amp;apos;, java.version: &amp;apos;1.8.0_45&amp;apos;
Driver info: driver.version: unknown">
      <![CDATA[org.openqa.selenium.TimeoutException: Timed out after 20 seconds waiting for net.project.webDriverUtils.WebDriverUtilFunctions$17@61ee08a7
Build info: version: '2.46.0', revision: '61506a4624b13675f24581e453592342b7485d71', time: '2015-06-04 10:22:50'
System info: host: 'Adarshas-MacBook-Pro.local', ip: '192.168.1.40', os.name: 'Mac OS X', os.arch: 'x86_64', os.version: '10.10.3', java.version: '1.8.0_45'
Driver info: driver.version: unknown
	at org.openqa.selenium.support.ui.FluentWait.timeoutException(FluentWait.java:260)
	at org.openqa.selenium.support.ui.FluentWait.until(FluentWait.java:229)
	at net.project.webDriverUtils.WebDriverUtilFunctions.fluentwaitForPageLoadUsingUrl(WebDriverUtilFunctions.java:873)
	at net.project.pageClasses.HackerRankPageClasses.WelcomePage.isLoaded(WelcomePage.java:89)
	at net.project.pageClasses.HackerRankPageClasses.WelcomePage.<init>(WelcomePage.java:80)
	at net.project.testClasses.HackerrankTestCases.BasicTestCase.secondTask(BasicTestCase.java:71)
	at java.util.concurrent.FutureTask.run(FutureTask.java:266)
	at java.util.concurrent.ThreadPoolExecutor.runWorker(ThreadPoolExecutor.java:1142)
	at java.util.concurrent.ThreadPoolExecutor$Worker.run(ThreadPoolExecutor.java:617)
	at java.lang.Thread.run(Thread.java:745)
... Removed 16 stack frames]]>
    </failure>
  </testcase> <!-- secondTask -->
</testsuite> <!-- FirefoxTest -->
