<?xml version="1.0" encoding="UTF-8"?>
<!-- Generated by org.testng.reporters.JUnitReportReporter -->
<testsuite hostname="Adarshas-MacBook-Pro.local" name="net.project.testClasses.HackerrankTestCases.BasicTestCase" tests="2" failures="0" timestamp="16 Jun 2015 04:43:09 GMT" time="0.000" errors="2">
  <testcase name="firstTask" time="0.000" classname="net.project.testClasses.HackerrankTestCases.BasicTestCase">
    <error type="org.openqa.selenium.InvalidElementStateException" message="Cannot perform native interaction: Could not load native events component.
Command duration or timeout: 75 milliseconds
Build info: version: &#039;2.46.0&#039;, revision: &#039;61506a4624b13675f24581e453592342b7485d71&#039;, time: &#039;2015-06-04 10:22:50&#039;
System info: host: &#039;Adarshas-MacBook-Pro.local&#039;, ip: &#039;192.168.1.40&#039;, os.name: &#039;Mac OS X&#039;, os.arch: &#039;x86_64&#039;, os.version: &#039;10.10.3&#039;, java.version: &#039;1.8.0_45&#039;
Driver info: org.openqa.selenium.firefox.FirefoxDriver
Capabilities [{applicationCacheEnabled=true, rotatable=false, handlesAlerts=true, databaseEnabled=true, version=38.0.5, platform=MAC, browserConnectionEnabled=true, nativeEvents=false, acceptSslCerts=true, webStorageEnabled=true, locationContextEnabled=true, browserName=firefox, takesScreenshot=true, javascriptEnabled=true, cssSelectorsEnabled=true}]
Session ID: f8c6549c-54d0-8b45-9965-95e393d08cb7">
      <![CDATA[org.openqa.selenium.InvalidElementStateException: Cannot perform native interaction: Could not load native events component.
Command duration or timeout: 75 milliseconds
Build info: version: '2.46.0', revision: '61506a4624b13675f24581e453592342b7485d71', time: '2015-06-04 10:22:50'
System info: host: 'Adarshas-MacBook-Pro.local', ip: '192.168.1.40', os.name: 'Mac OS X', os.arch: 'x86_64', os.version: '10.10.3', java.version: '1.8.0_45'
Driver info: org.openqa.selenium.firefox.FirefoxDriver
Capabilities [{applicationCacheEnabled=true, rotatable=false, handlesAlerts=true, databaseEnabled=true, version=38.0.5, platform=MAC, browserConnectionEnabled=true, nativeEvents=false, acceptSslCerts=true, webStorageEnabled=true, locationContextEnabled=true, browserName=firefox, takesScreenshot=true, javascriptEnabled=true, cssSelectorsEnabled=true}]
Session ID: f8c6549c-54d0-8b45-9965-95e393d08cb7
	at sun.reflect.NativeConstructorAccessorImpl.newInstance0(Native Method)
	at sun.reflect.NativeConstructorAccessorImpl.newInstance(NativeConstructorAccessorImpl.java:62)
	at sun.reflect.DelegatingConstructorAccessorImpl.newInstance(DelegatingConstructorAccessorImpl.java:45)
	at java.lang.reflect.Constructor.newInstance(Constructor.java:422)
	at org.openqa.selenium.remote.ErrorHandler.createThrowable(ErrorHandler.java:204)
	at org.openqa.selenium.remote.ErrorHandler.throwIfResponseFailed(ErrorHandler.java:156)
	at org.openqa.selenium.remote.RemoteWebDriver.execute(RemoteWebDriver.java:605)
	at org.openqa.selenium.remote.RemoteExecuteMethod.execute(RemoteExecuteMethod.java:35)
	at org.openqa.selenium.remote.RemoteMouse.mouseMove(RemoteMouse.java:89)
	at org.openqa.selenium.support.events.internal.EventFiringMouse.mouseMove(EventFiringMouse.java:58)
	at org.openqa.selenium.interactions.MoveMouseAction.perform(MoveMouseAction.java:39)
	at org.openqa.selenium.interactions.CompositeAction.perform(CompositeAction.java:50)
	at org.openqa.selenium.interactions.Actions.perform(Actions.java:371)
	at net.project.testClasses.HackerrankTestCases.BasicTestCase.firstTask(BasicTestCase.java:49)
	at sun.reflect.NativeMethodAccessorImpl.invoke0(Native Method)
	at sun.reflect.NativeMethodAccessorImpl.invoke(NativeMethodAccessorImpl.java:62)
	at sun.reflect.DelegatingMethodAccessorImpl.invoke(DelegatingMethodAccessorImpl.java:43)
	at java.lang.reflect.Method.invoke(Method.java:497)
	at org.testng.internal.MethodInvocationHelper.invokeMethod(MethodInvocationHelper.java:85)
	at org.testng.internal.Invoker.invokeMethod(Invoker.java:648)
	at org.testng.internal.Invoker.invokeTestMethod(Invoker.java:834)
	at org.testng.internal.Invoker.invokeTestMethods(Invoker.java:1142)
	at org.testng.internal.TestMethodWorker.invokeTestMethods(TestMethodWorker.java:124)
	at org.testng.internal.TestMethodWorker.run(TestMethodWorker.java:108)
	at org.testng.TestRunner.privateRun(TestRunner.java:771)
	at org.testng.TestRunner.run(TestRunner.java:621)
	at org.testng.SuiteRunner.runTest(SuiteRunner.java:357)
	at org.testng.SuiteRunner.access$000(SuiteRunner.java:38)
	at org.testng.SuiteRunner$SuiteWorker.run(SuiteRunner.java:391)
	at org.testng.internal.thread.ThreadUtil$2.call(ThreadUtil.java:64)
	at java.util.concurrent.FutureTask.run(FutureTask.java:266)
	at java.util.concurrent.ThreadPoolExecutor.runWorker(ThreadPoolExecutor.java:1142)
	at java.util.concurrent.ThreadPoolExecutor$Worker.run(ThreadPoolExecutor.java:617)
	at java.lang.Thread.run(Thread.java:745)
Caused by: org.openqa.selenium.InvalidElementStateException: Cannot perform native interaction: Could not load native events component.
Build info: version: '2.46.0', revision: '61506a4624b13675f24581e453592342b7485d71', time: '2015-06-04 10:22:50'
System info: host: 'Adarshas-MacBook-Pro.local', ip: '192.168.1.40', os.name: 'Mac OS X', os.arch: 'x86_64', os.version: '10.10.3', java.version: '1.8.0_45'
Driver info: driver.version: unknown
	at <anonymous class>.generateErrorForNativeEvents(file:///var/folders/27/wsmvbfq16db0yymbjm1m45mm0000gn/T/anonymous589890194133857528webdriver-profile/extensions/fxdriver@googlecode.com/components/driver-component.js:10600)
	at <anonymous class>.FirefoxDriver.prototype.mouseMoveTo(file:///var/folders/27/wsmvbfq16db0yymbjm1m45mm0000gn/T/anonymous589890194133857528webdriver-profile/extensions/fxdriver@googlecode.com/components/driver-component.js:10644)
	at <anonymous class>.DelayedCommand.prototype.executeInternal_/h(file:///var/folders/27/wsmvbfq16db0yymbjm1m45mm0000gn/T/anonymous589890194133857528webdriver-profile/extensions/fxdriver@googlecode.com/components/command-processor.js:12282)
	at <anonymous class>.DelayedCommand.prototype.executeInternal_(file:///var/folders/27/wsmvbfq16db0yymbjm1m45mm0000gn/T/anonymous589890194133857528webdriver-profile/extensions/fxdriver@googlecode.com/components/command-processor.js:12287)
	at <anonymous class>.DelayedCommand.prototype.execute/<(file:///var/folders/27/wsmvbfq16db0yymbjm1m45mm0000gn/T/anonymous589890194133857528webdriver-profile/extensions/fxdriver@googlecode.com/components/command-processor.js:12229)
]]>
    </error>
  </testcase> <!-- firstTask -->
  <testcase name="secondTask" time="0.000" classname="net.project.testClasses.HackerrankTestCases.BasicTestCase">
    <error type="org.openqa.selenium.TimeoutException" message="Timed out after 20 seconds waiting for net.project.webDriverUtils.WebDriverUtilFunctions$17@61ee08a7
Build info: version: &#039;2.46.0&#039;, revision: &#039;61506a4624b13675f24581e453592342b7485d71&#039;, time: &#039;2015-06-04 10:22:50&#039;
System info: host: &#039;Adarshas-MacBook-Pro.local&#039;, ip: &#039;192.168.1.40&#039;, os.name: &#039;Mac OS X&#039;, os.arch: &#039;x86_64&#039;, os.version: &#039;10.10.3&#039;, java.version: &#039;1.8.0_45&#039;
Driver info: driver.version: unknown">
      <![CDATA[org.openqa.selenium.TimeoutException: Timed out after 20 seconds waiting for net.project.webDriverUtils.WebDriverUtilFunctions$17@61ee08a7
Build info: version: '2.46.0', revision: '61506a4624b13675f24581e453592342b7485d71', time: '2015-06-04 10:22:50'
System info: host: 'Adarshas-MacBook-Pro.local', ip: '192.168.1.40', os.name: 'Mac OS X', os.arch: 'x86_64', os.version: '10.10.3', java.version: '1.8.0_45'
Driver info: driver.version: unknown
	at org.openqa.selenium.support.ui.FluentWait.timeoutException(FluentWait.java:260)
	at org.openqa.selenium.support.ui.FluentWait.until(FluentWait.java:229)
	at net.project.webDriverUtils.WebDriverUtilFunctions.fluentwaitForPageLoadUsingUrl(WebDriverUtilFunctions.java:873)
	at net.project.pageClasses.HackerRankPageClasses.WelcomePage.isLoaded(WelcomePage.java:89)
	at net.project.pageClasses.HackerRankPageClasses.WelcomePage.<init>(WelcomePage.java:80)
	at net.project.testClasses.HackerrankTestCases.BasicTestCase.secondTask(BasicTestCase.java:71)
	at sun.reflect.NativeMethodAccessorImpl.invoke0(Native Method)
	at sun.reflect.NativeMethodAccessorImpl.invoke(NativeMethodAccessorImpl.java:62)
	at sun.reflect.DelegatingMethodAccessorImpl.invoke(DelegatingMethodAccessorImpl.java:43)
	at java.lang.reflect.Method.invoke(Method.java:497)
	at org.testng.internal.MethodInvocationHelper.invokeMethod(MethodInvocationHelper.java:85)
	at org.testng.internal.Invoker.invokeMethod(Invoker.java:648)
	at org.testng.internal.Invoker.invokeTestMethod(Invoker.java:834)
	at org.testng.internal.Invoker.invokeTestMethods(Invoker.java:1142)
	at org.testng.internal.TestMethodWorker.invokeTestMethods(TestMethodWorker.java:124)
	at org.testng.internal.TestMethodWorker.run(TestMethodWorker.java:108)
	at org.testng.TestRunner.privateRun(TestRunner.java:771)
	at org.testng.TestRunner.run(TestRunner.java:621)
	at org.testng.SuiteRunner.runTest(SuiteRunner.java:357)
	at org.testng.SuiteRunner.access$000(SuiteRunner.java:38)
	at org.testng.SuiteRunner$SuiteWorker.run(SuiteRunner.java:391)
	at org.testng.internal.thread.ThreadUtil$2.call(ThreadUtil.java:64)
	at java.util.concurrent.FutureTask.run(FutureTask.java:266)
	at java.util.concurrent.ThreadPoolExecutor.runWorker(ThreadPoolExecutor.java:1142)
	at java.util.concurrent.ThreadPoolExecutor$Worker.run(ThreadPoolExecutor.java:617)
	at java.lang.Thread.run(Thread.java:745)
]]>
    </error>
  </testcase> <!-- secondTask -->
</testsuite> <!-- net.project.testClasses.HackerrankTestCases.BasicTestCase -->
