<!DOCTYPE html PUBLIC "-//W3C//DTD XHTML 1.1//EN" "http://www.w3.org/TR/xhtml11/DTD/xhtml11.dtd">
<html xmlns="http://www.w3.org/1999/xhtml">
<head>
<title>Customized - TestNG Report</title>
<style type="text/css">
table {margin-bottom:10px;border-collapse:collapse;empty-cells:show}
td,th {border:1px solid #009;padding:.25em .5em}
.result th {vertical-align:bottom}
.param th {padding-left:1em;padding-right:1em}
.param td {padding-left:.5em;padding-right:2em}
.stripe td,.stripe th {background-color: #E6EBF9}
.numi,.numi_attn {text-align:right}
.total td {font-weight:bold}
.passedodd td {background-color: #0A0}
.passedeven td {background-color: #3F3}
.skippedodd td {background-color: #CCC}
.skippedodd td {background-color: #DDD}
.failedodd td,.numi_attn {background-color: #F33}
.failedeven td,.stripe .numi_attn {background-color: #D00}
.stacktrace {white-space:pre;font-family:monospace}
.totop {font-size:85%;text-align:center;border-bottom:2px solid #000}
</style>
</head>
<body>
<table cellspacing="0" cellpadding="0" class="testOverview">
<tr><th>Test</th><th>Methods<br/>Passed</th><th>Scenarios<br/>Passed</th><th># skipped</th><th># failed</th><th>Error messages</th><th>Parameters</th><th>Start<br/>Time</th><th>End<br/>Time</th><th>Total<br/>Time</th><th>Included<br/>Groups</th><th>Excluded<br/>Groups</th></tr>
<tr><td style="text-align:left;padding-right:2em"><a href="#t1">SafariTest</a></td><td class="numi">2</td><td class="numi">2</td><td class="numi">0</td><td class="numi_attn">1</td><td class="numi">org.openqa.selenium.NoSuchElementException: Unable to locate element: {&quot;method&quot;:&quot;css selector&quot;,&quot;selector&quot;:&quot;div[id=&apos;candidate-details-container&apos;]&gt;div&gt;table&gt;tbody&gt;tr&gt;td:nth-child(3)&quot;}
</td>
<td class="numi">candy1@gmail.com | 
Candyman | 
9999999999 | 
Ross:Phoebe:Joey:Rachel:Chandler | 
candy1@gmail.com | 
Candyman | 
9999999999 | 
Ross:Phoebe:Joey:Rachel:Chandler | 
</td>
<td class="numi">18 Jul, 2015 11:32:13 AM</td></td>
<td class="numi">18 Jul, 2015 11:42:24 AM</td></td>
<td class="numi">611.2 seconds</td><td class="numi"></td><td class="numi"></td></tr>
</table>
<table cellspacing="0" cellpadding="0" class="methodOverview" id="summary">
<tr><th>Suite</th><th>Method</th><th># of<br/>Scenarios</th><th>Start</th><th>Priority</th><th>Testcase Description</th><th>Time<br/>(s)</th><th>Groups</th></tr>
<tr id="t1"><th colspan="5">SafariTest &#8212; failed</th></tr>
<tr class="failedodd"><td>net.project.HackerRankForWork.TestClasses.SanityTestClass</td><td><a href="#m1"> </a></td><td class="numi">1</td><td>1437199814535</td><td>3</td><td> </td><td class="numi">0.0</td><td>[]</td></tr>
<tr><th colspan="5">SafariTest &#8212; passed</th></tr>
<tr class="passedodd"><td rowspan="2">net.project.HackerRankForWork.TestClasses.SanityTestClass</td><td><a href="#m2"> </a></td><td class="numi">1</td><td>1437199406682</td><td>1</td><td> </td><td class="numi">1.437199523653E9</td><td>[]</td></tr><tr class="passedodd"><td><a href="#m3"> </a></td><td class="numi">1</td><td>1437199585661</td><td>2</td><td> </td><td class="numi">1.437199754483E9</td><td>[]</td></tr>
</table>
<h1>SafariTest</h1>
<h2 id="m1">net.project.HackerRankForWork.TestClasses.SanityTestClass:codePairSanityTest3</h2>
<table cellspacing="0" cellpadding="0" class="result">
<tr class="param"><th>Param.1</th><th>Param.2</th><th>Param.3</th><th>Param.4</th></tr>
<tr class="param stripe"><td>candy1@gmail.com</td>
<td>Candyman</td>
<td>9999999999</td>
<td>Ross:Phoebe:Joey:Rachel:Chandler</td>
</tr>
<tr><td colspan="4">
<div class="stacktrace">org.openqa.selenium.NoSuchElementException: Unable to locate element: {&quot;method&quot;:&quot;css selector&quot;,&quot;selector&quot;:&quot;div[id=&apos;candidate-details-container&apos;]&gt;div&gt;table&gt;tbody&gt;tr&gt;td:nth-child(3)&quot;}
For documentation on this error, please visit: http://seleniumhq.org/exceptions/no_such_element.html
Build info: version: &apos;2.46.0&apos;, revision: &apos;87c69e2&apos;, time: &apos;2015-06-04 16:16:47&apos;
System info: host: &apos;Adarsha-PC&apos;, ip: &apos;192.168.0.5&apos;, os.name: &apos;Windows 7&apos;, os.arch: &apos;amd64&apos;, os.version: &apos;6.1&apos;, java.version: &apos;1.8.0_31&apos;
Driver info: driver.version: unknown
Command duration or timeout: 2.51 seconds
For documentation on this error, please visit: http://seleniumhq.org/exceptions/no_such_element.html
Build info: version: &apos;2.45.0&apos;, revision: &apos;5017cb8e7ca8e37638dc3091b2440b90a1d8686f&apos;, time: &apos;2015-02-27 09:10:26&apos;
System info: host: &apos;Adarshas-MacBook-Pro.local&apos;, ip: &apos;192.168.0.4&apos;, os.name: &apos;Mac OS X&apos;, os.arch: &apos;x86_64&apos;, os.version: &apos;10.10.3&apos;, java.version: &apos;1.8.0_45&apos;
Driver info: org.openqa.selenium.remote.RemoteWebDriver
Capabilities [{applicationCacheEnabled=true, rotatable=false, handlesAlerts=true, databaseEnabled=true, version=39.0, platform=WINDOWS, nativeEvents=false, acceptSslCerts=true, webdriver.remote.sessionid=4e970480-480b-452e-970b-8de9c8ad670e, webStorageEnabled=true, locationContextEnabled=true, browserName=firefox, takesScreenshot=true, javascriptEnabled=true, cssSelectorsEnabled=true}]
Session ID: 4e970480-480b-452e-970b-8de9c8ad670e
*** Element info: {Using=css selector, value=div[id=&apos;candidate-details-container&apos;]&gt;div&gt;table&gt;tbody&gt;tr&gt;td:nth-child(3)}
	at org.openqa.selenium.remote.ErrorHandler.createThrowable(ErrorHandler.java:204)
	at org.openqa.selenium.remote.ErrorHandler.throwIfResponseFailed(ErrorHandler.java:156)
	at org.openqa.selenium.remote.RemoteWebDriver.execute(RemoteWebDriver.java:599)
	at org.openqa.selenium.remote.RemoteWebDriver.findElement(RemoteWebDriver.java:352)
	at org.openqa.selenium.remote.RemoteWebDriver.findElementByCssSelector(RemoteWebDriver.java:441)
	at org.openqa.selenium.By$ByCssSelector.findElement(By.java:425)
	at org.openqa.selenium.remote.RemoteWebDriver.findElement(RemoteWebDriver.java:344)
	at org.openqa.selenium.support.events.EventFiringWebDriver$2.invoke(EventFiringWebDriver.java:101)
	at com.sun.proxy.$Proxy8.findElement(Unknown Source)
	at org.openqa.selenium.support.events.EventFiringWebDriver.findElement(EventFiringWebDriver.java:184)
	at org.openqa.selenium.support.pagefactory.DefaultElementLocator.findElement(DefaultElementLocator.java:59)
	at org.openqa.selenium.support.pagefactory.internal.LocatingElementHandler.invoke(LocatingElementHandler.java:37)
	at com.sun.proxy.$Proxy11.getText(Unknown Source)
	at net.project.HackerRankForWork.TestClasses.SanityTestClass.codePairSanityTest3(SanityTestClass.java:114)
Caused by: org.openqa.selenium.remote.ScreenshotException: Screen shot has been taken
Build info: version: &apos;2.45.0&apos;, revision: &apos;5017cb8e7ca8e37638dc3091b2440b90a1d8686f&apos;, time: &apos;2015-02-27 09:10:26&apos;
System info: host: &apos;Adarshas-MacBook-Pro.local&apos;, ip: &apos;192.168.0.4&apos;, os.name: &apos;Mac OS X&apos;, os.arch: &apos;x86_64&apos;, os.version: &apos;10.10.3&apos;, java.version: &apos;1.8.0_45&apos;
Driver info: driver.version: EventFiringWebDriver
	at org.openqa.selenium.remote.ErrorHandler.throwIfResponseFailed(ErrorHandler.java:136)
	... 39 more
Caused by: org.openqa.selenium.NoSuchElementException: Unable to locate element: {&quot;method&quot;:&quot;css selector&quot;,&quot;selector&quot;:&quot;div[id=&apos;candidate-details-container&apos;]&gt;div&gt;table&gt;tbody&gt;tr&gt;td:nth-child(3)&quot;}
For documentation on this error, please visit: http://seleniumhq.org/exceptions/no_such_element.html
Build info: version: &apos;2.46.0&apos;, revision: &apos;87c69e2&apos;, time: &apos;2015-06-04 16:16:47&apos;
System info: host: &apos;Adarsha-PC&apos;, ip: &apos;192.168.0.5&apos;, os.name: &apos;Windows 7&apos;, os.arch: &apos;amd64&apos;, os.version: &apos;6.1&apos;, java.version: &apos;1.8.0_31&apos;
Driver info: driver.version: unknown
For documentation on this error, please visit: http://seleniumhq.org/exceptions/no_such_element.html
Build info: version: &apos;2.45.0&apos;, revision: &apos;5017cb8e7ca8e37638dc3091b2440b90a1d8686f&apos;, time: &apos;2015-02-27 09:10:26&apos;
System info: host: &apos;Adarshas-MacBook-Pro.local&apos;, ip: &apos;192.168.0.4&apos;, os.name: &apos;Mac OS X&apos;, os.arch: &apos;x86_64&apos;, os.version: &apos;10.10.3&apos;, java.version: &apos;1.8.0_45&apos;
Driver info: driver.version: unknown
	at &lt;anonymous class&gt;.FirefoxDriver.prototype.findElementInternal_(file:///C:/Users/Adarsha/AppData/Local/Temp/anonymous4627307506145676266webdriver-profile/extensions/fxdriver@googlecode.com/components/driver-component.js:10299)
	at &lt;anonymous class&gt;.FirefoxDriver.prototype.findElement(file:///C:/Users/Adarsha/AppData/Local/Temp/anonymous4627307506145676266webdriver-profile/extensions/fxdriver@googlecode.com/components/driver-component.js:10308)
	at &lt;anonymous class&gt;.DelayedCommand.prototype.executeInternal_/h(file:///C:/Users/Adarsha/AppData/Local/Temp/anonymous4627307506145676266webdriver-profile/extensions/fxdriver@googlecode.com/components/command-processor.js:12282)
	at &lt;anonymous class&gt;.DelayedCommand.prototype.executeInternal_(file:///C:/Users/Adarsha/AppData/Local/Temp/anonymous4627307506145676266webdriver-profile/extensions/fxdriver@googlecode.com/components/command-processor.js:12287)
	at &lt;anonymous class&gt;.DelayedCommand.prototype.execute/&lt;(file:///C:/Users/Adarsha/AppData/Local/Temp/anonymous4627307506145676266webdriver-profile/extensions/fxdriver@googlecode.com/components/command-processor.js:12229)
... Removed 31 stack frames</div>
</td></tr>
</table>
<p class="totop"><a href="#summary">back to summary</a></p>
<h2 id="m2">net.project.HackerRankForWork.TestClasses.SanityTestClass:codePairSanityTest1</h2>
<p class="totop"><a href="#summary">back to summary</a></p>
<h2 id="m3">net.project.HackerRankForWork.TestClasses.SanityTestClass:codePairSanityTest2</h2>
<table cellspacing="0" cellpadding="0" class="result">
<tr class="param"><th>Param.1</th><th>Param.2</th><th>Param.3</th><th>Param.4</th></tr>
<tr class="param stripe"><td>candy1@gmail.com</td>
<td>Candyman</td>
<td>9999999999</td>
<td>Ross:Phoebe:Joey:Rachel:Chandler</td>
</tr>
</table>
<p class="totop"><a href="#summary">back to summary</a></p>
</body></html>
